{
    "stats": {
        "suites": 1,
        "tests": 4,
        "passes": 0,
        "pending": 0,
        "failures": 0,
        "start": "Fri Mar 13 2026 09:47:23 GMT-0300 (Horário Padrão de Brasília)",
        "end": "Fri Mar 13 2026 09:47:27 GMT-0300 (Horário Padrão de Brasília)",
        "duration": 0,
        "testsRegistered": 4,
        "passPercent": 0,
        "pendingPercent": 0,
        "other": 0,
        "hasOther": false,
        "skipped": 0,
        "hasSkipped": false
    },
    "results": [
        {
            "uuid": "",
            "title": "",
            "fullFile": "",
            "file": "",
            "beforeHooks": [],
            "afterHooks": [],
            "tests": [],
            "suites": [
                {
                    "uuid": "5b817b9e-3c3d-4e47-aa4c-27d8393e86f6",
                    "title": "Fluxo de login @LOGIN @SWAGLABS @CI",
                    "fullFile": "D:\\Projetos - Automaçao QA\\swagLabsWebTests\\tests\\specs\\login.spec.ts",
                    "file": "specs\\login.spec.ts",
                    "beforeHooks": [],
                    "afterHooks": [],
                    "tests": [],
                    "suites": [],
                    "passes": [],
                    "failures": [],
                    "pending": [],
                    "skipped": [],
                    "duration": 0,
                    "root": false,
                    "rootEmpty": false,
                    "_timeout": 0
                }
            ],
            "passes": [],
            "failures": [],
            "pending": [],
            "skipped": [],
            "duration": 0,
            "root": true,
            "rootEmpty": true,
            "_timeout": 0
        }
    ],
    "meta": {
        "mochawesome": {
            "options": {},
            "version": "7.1.3"
        },
        "marge": {
            "options": {},
            "version": "6.2.0"
        },
        "mocha": {
            "version": "7.1.3"
        }
    }
}